#
# A fatal error has been detected by the Java Runtime Environment:
#
#  Internal Error (./open/src/hotspot/share/interpreter/oopMapCache.cpp:111), pid=20436, tid=9600
#  Error: ShouldNotReachHere()
#
# JRE version: Java(TM) SE Runtime Environment (14.0.1+7) (build 14.0.1+7)
# Java VM: Java HotSpot(TM) 64-Bit Server VM (14.0.1+7, mixed mode, sharing, tiered, compressed oops, g1 gc, windows-amd64)
# No core dump will be written. Minidumps are not enabled by default on client versions of Windows
#
# If you would like to submit a bug report, please visit:
#   https://bugreport.java.com/bugreport/crash.jsp
#

---------------  S U M M A R Y ------------

Command Line: -agentlib:jdwp=transport=dt_socket,suspend=y,address=localhost:55267 -javaagent:C:\Users\sysdev\Programs\eclipse\jee-2020-03\eclipse\configuration\org.eclipse.osgi\1975\0\.cp\lib\javaagent-shaded.jar -Dfile.encoding=Cp1252 com.nixartech.cvt425.App

Host: Intel(R) Core(TM) i7-8650U CPU @ 1.90GHz, 8 cores, 31G,  Windows 10 , 64 bit Build 18362 (10.0.18362.1110)
Time: Mon Nov  9 09:56:14 2020 Hora estándar de Argentina elapsed time: 402 seconds (0d 0h 6m 42s)

---------------  T H R E A D  ---------------

Current thread (0x0000016b4b8d2000):  JavaThread "JDWP Transport Listener: dt_socket" daemon [_thread_in_vm, id=9600, stack(0x00000032ccc00000,0x00000032ccd00000)]

Stack: [0x00000032ccc00000,0x00000032ccd00000]
Native frames: (J=compiled Java code, j=interpreted, Vv=VM code, C=native code)
V  [jvm.dll+0x5f840a]
V  [jvm.dll+0x741e4a]
V  [jvm.dll+0x7435ff]
V  [jvm.dll+0x743bf7]
V  [jvm.dll+0x20d20c]
V  [jvm.dll+0x20d173]
V  [jvm.dll+0x5e754f]
V  [jvm.dll+0x5e72ad]
V  [jvm.dll+0x5af2b3]
V  [jvm.dll+0x7394bf]
V  [jvm.dll+0x4bee71]
V  [jvm.dll+0x748a5b]
V  [jvm.dll+0x4a54fe]
V  [jvm.dll+0x46ee8b]
C  [jdwp.dll+0x751f]


---------------  P R O C E S S  ---------------

Threads class SMR info:
_java_thread_list=0x0000016b4beb6700, length=14, elements={
0x0000016b1d856000, 0x0000016b4b6c3800, 0x0000016b4b6c6000, 0x0000016b4b6e2800,
0x0000016b4b6e5000, 0x0000016b4b6e6000, 0x0000016b4b6f3000, 0x0000016b4b6fc800,
0x0000016b4b716800, 0x0000016b4ad8e000, 0x0000016b4b8d2000, 0x0000016b4b8d5800,
0x0000016b4b8e0000, 0x0000016b4beee000
}

Java Threads: ( => current thread )
  0x0000016b1d856000 JavaThread "main" [_thread_blocked, id=14176, stack(0x00000032cbb00000,0x00000032cbc00000)]
  0x0000016b4b6c3800 JavaThread "Reference Handler" daemon [_thread_blocked, id=15680, stack(0x00000032cc200000,0x00000032cc300000)]
  0x0000016b4b6c6000 JavaThread "Finalizer" daemon [_thread_blocked, id=19880, stack(0x00000032cc300000,0x00000032cc400000)]
  0x0000016b4b6e2800 JavaThread "Signal Dispatcher" daemon [_thread_blocked, id=15212, stack(0x00000032cc400000,0x00000032cc500000)]
  0x0000016b4b6e5000 JavaThread "Attach Listener" daemon [_thread_blocked, id=18620, stack(0x00000032cc500000,0x00000032cc600000)]
  0x0000016b4b6e6000 JavaThread "Service Thread" daemon [_thread_blocked, id=4580, stack(0x00000032cc600000,0x00000032cc700000)]
  0x0000016b4b6f3000 JavaThread "C2 CompilerThread0" daemon [_thread_blocked, id=21264, stack(0x00000032cc700000,0x00000032cc800000)]
  0x0000016b4b6fc800 JavaThread "C1 CompilerThread0" daemon [_thread_blocked, id=8740, stack(0x00000032cc800000,0x00000032cc900000)]
  0x0000016b4b716800 JavaThread "Sweeper thread" daemon [_thread_blocked, id=20172, stack(0x00000032cc900000,0x00000032cca00000)]
  0x0000016b4ad8e000 JavaThread "Common-Cleaner" daemon [_thread_blocked, id=18552, stack(0x00000032cca00000,0x00000032ccb00000)]
=>0x0000016b4b8d2000 JavaThread "JDWP Transport Listener: dt_socket" daemon [_thread_in_vm, id=9600, stack(0x00000032ccc00000,0x00000032ccd00000)]
  0x0000016b4b8d5800 JavaThread "JDWP Event Helper Thread" daemon [_thread_blocked, id=4304, stack(0x00000032ccd00000,0x00000032cce00000)]
  0x0000016b4b8e0000 JavaThread "JDWP Command Reader" daemon [_thread_in_native, id=21276, stack(0x00000032cce00000,0x00000032ccf00000)]
  0x0000016b4beee000 JavaThread "Notification Thread" daemon [_thread_blocked, id=13668, stack(0x00000032ccf00000,0x00000032cd000000)]

Other Threads:
  0x0000016b4b6bf800 VMThread "VM Thread" [stack: 0x00000032cc100000,0x00000032cc200000] [id=2724]
  0x0000016b4beb9000 WatcherThread [stack: 0x00000032cd000000,0x00000032cd100000] [id=15752]
  0x0000016b1b7bc800 GCTaskThread "GC Thread#0" [stack: 0x00000032cbc00000,0x00000032cbd00000] [id=9296]
  0x0000016b1d8f8000 ConcurrentGCThread "G1 Main Marker" [stack: 0x00000032cbd00000,0x00000032cbe00000] [id=22028]
  0x0000016b1d8f9000 ConcurrentGCThread "G1 Conc#0" [stack: 0x00000032cbe00000,0x00000032cbf00000] [id=19108]
  0x0000016b4ad2a800 ConcurrentGCThread "G1 Refine#0" [stack: 0x00000032cbf00000,0x00000032cc000000] [id=17572]
  0x0000016b4ad2e000 ConcurrentGCThread "G1 Young RemSet Sampling" [stack: 0x00000032cc000000,0x00000032cc100000] [id=19988]

Threads with active compile tasks:

VM state:not at safepoint (normal execution)

VM Mutex/Monitor currently owned by a thread: None

Heap address: 0x0000000602200000, size: 8158 MB, Compressed Oops mode: Zero based, Oop shift amount: 3
Narrow klass base: 0x0000000800000000, Narrow klass shift: 3
Compressed class space size: 1073741824 Address: 0x0000000800b30000

Heap:
 garbage-first heap   total 522240K, used 6144K [0x0000000602200000, 0x0000000800000000)
  region size 2048K, 4 young (8192K), 0 survivors (0K)
 Metaspace       used 2997K, capacity 5087K, committed 5376K, reserved 1056768K
  class space    used 284K, capacity 460K, committed 512K, reserved 1048576K
Heap Regions: E=young(eden), S=young(survivor), O=old, HS=humongous(starts), HC=humongous(continues), CS=collection set, F=free, OA=open archive, CA=closed archive, TAMS=top-at-mark-start (previous, next)
|   0|0x0000000602200000, 0x0000000602200000, 0x0000000602400000|  0%| F|  |TAMS 0x0000000602200000, 0x0000000602200000| Untracked 
|   1|0x0000000602400000, 0x0000000602400000, 0x0000000602600000|  0%| F|  |TAMS 0x0000000602400000, 0x0000000602400000| Untracked 
|   2|0x0000000602600000, 0x0000000602600000, 0x0000000602800000|  0%| F|  |TAMS 0x0000000602600000, 0x0000000602600000| Untracked 
|   3|0x0000000602800000, 0x0000000602800000, 0x0000000602a00000|  0%| F|  |TAMS 0x0000000602800000, 0x0000000602800000| Untracked 
|   4|0x0000000602a00000, 0x0000000602a00000, 0x0000000602c00000|  0%| F|  |TAMS 0x0000000602a00000, 0x0000000602a00000| Untracked 
|   5|0x0000000602c00000, 0x0000000602c00000, 0x0000000602e00000|  0%| F|  |TAMS 0x0000000602c00000, 0x0000000602c00000| Untracked 
|   6|0x0000000602e00000, 0x0000000602e00000, 0x0000000603000000|  0%| F|  |TAMS 0x0000000602e00000, 0x0000000602e00000| Untracked 
|   7|0x0000000603000000, 0x0000000603000000, 0x0000000603200000|  0%| F|  |TAMS 0x0000000603000000, 0x0000000603000000| Untracked 
|   8|0x0000000603200000, 0x0000000603200000, 0x0000000603400000|  0%| F|  |TAMS 0x0000000603200000, 0x0000000603200000| Untracked 
|   9|0x0000000603400000, 0x0000000603400000, 0x0000000603600000|  0%| F|  |TAMS 0x0000000603400000, 0x0000000603400000| Untracked 
|  10|0x0000000603600000, 0x0000000603600000, 0x0000000603800000|  0%| F|  |TAMS 0x0000000603600000, 0x0000000603600000| Untracked 
|  11|0x0000000603800000, 0x0000000603800000, 0x0000000603a00000|  0%| F|  |TAMS 0x0000000603800000, 0x0000000603800000| Untracked 
|  12|0x0000000603a00000, 0x0000000603a00000, 0x0000000603c00000|  0%| F|  |TAMS 0x0000000603a00000, 0x0000000603a00000| Untracked 
|  13|0x0000000603c00000, 0x0000000603c00000, 0x0000000603e00000|  0%| F|  |TAMS 0x0000000603c00000, 0x0000000603c00000| Untracked 
|  14|0x0000000603e00000, 0x0000000603e00000, 0x0000000604000000|  0%| F|  |TAMS 0x0000000603e00000, 0x0000000603e00000| Untracked 
|  15|0x0000000604000000, 0x0000000604000000, 0x0000000604200000|  0%| F|  |TAMS 0x0000000604000000, 0x0000000604000000| Untracked 
|  16|0x0000000604200000, 0x0000000604200000, 0x0000000604400000|  0%| F|  |TAMS 0x0000000604200000, 0x0000000604200000| Untracked 
|  17|0x0000000604400000, 0x0000000604400000, 0x0000000604600000|  0%| F|  |TAMS 0x0000000604400000, 0x0000000604400000| Untracked 
|  18|0x0000000604600000, 0x0000000604600000, 0x0000000604800000|  0%| F|  |TAMS 0x0000000604600000, 0x0000000604600000| Untracked 
|  19|0x0000000604800000, 0x0000000604800000, 0x0000000604a00000|  0%| F|  |TAMS 0x0000000604800000, 0x0000000604800000| Untracked 
|  20|0x0000000604a00000, 0x0000000604a00000, 0x0000000604c00000|  0%| F|  |TAMS 0x0000000604a00000, 0x0000000604a00000| Untracked 
|  21|0x0000000604c00000, 0x0000000604c00000, 0x0000000604e00000|  0%| F|  |TAMS 0x0000000604c00000, 0x0000000604c00000| Untracked 
|  22|0x0000000604e00000, 0x0000000604e00000, 0x0000000605000000|  0%| F|  |TAMS 0x0000000604e00000, 0x0000000604e00000| Untracked 
|  23|0x0000000605000000, 0x0000000605000000, 0x0000000605200000|  0%| F|  |TAMS 0x0000000605000000, 0x0000000605000000| Untracked 
|  24|0x0000000605200000, 0x0000000605200000, 0x0000000605400000|  0%| F|  |TAMS 0x0000000605200000, 0x0000000605200000| Untracked 
|  25|0x0000000605400000, 0x0000000605400000, 0x0000000605600000|  0%| F|  |TAMS 0x0000000605400000, 0x0000000605400000| Untracked 
|  26|0x0000000605600000, 0x0000000605600000, 0x0000000605800000|  0%| F|  |TAMS 0x0000000605600000, 0x0000000605600000| Untracked 
|  27|0x0000000605800000, 0x0000000605800000, 0x0000000605a00000|  0%| F|  |TAMS 0x0000000605800000, 0x0000000605800000| Untracked 
|  28|0x0000000605a00000, 0x0000000605a00000, 0x0000000605c00000|  0%| F|  |TAMS 0x0000000605a00000, 0x0000000605a00000| Untracked 
|  29|0x0000000605c00000, 0x0000000605c00000, 0x0000000605e00000|  0%| F|  |TAMS 0x0000000605c00000, 0x0000000605c00000| Untracked 
|  30|0x0000000605e00000, 0x0000000605e00000, 0x0000000606000000|  0%| F|  |TAMS 0x0000000605e00000, 0x0000000605e00000| Untracked 
|  31|0x0000000606000000, 0x0000000606000000, 0x0000000606200000|  0%| F|  |TAMS 0x0000000606000000, 0x0000000606000000| Untracked 
|  32|0x0000000606200000, 0x0000000606200000, 0x0000000606400000|  0%| F|  |TAMS 0x0000000606200000, 0x0000000606200000| Untracked 
|  33|0x0000000606400000, 0x0000000606400000, 0x0000000606600000|  0%| F|  |TAMS 0x0000000606400000, 0x0000000606400000| Untracked 
|  34|0x0000000606600000, 0x0000000606600000, 0x0000000606800000|  0%| F|  |TAMS 0x0000000606600000, 0x0000000606600000| Untracked 
|  35|0x0000000606800000, 0x0000000606800000, 0x0000000606a00000|  0%| F|  |TAMS 0x0000000606800000, 0x0000000606800000| Untracked 
|  36|0x0000000606a00000, 0x0000000606a00000, 0x0000000606c00000|  0%| F|  |TAMS 0x0000000606a00000, 0x0000000606a00000| Untracked 
|  37|0x0000000606c00000, 0x0000000606c00000, 0x0000000606e00000|  0%| F|  |TAMS 0x0000000606c00000, 0x0000000606c00000| Untracked 
|  38|0x0000000606e00000, 0x0000000606e00000, 0x0000000607000000|  0%| F|  |TAMS 0x0000000606e00000, 0x0000000606e00000| Untracked 
|  39|0x0000000607000000, 0x0000000607000000, 0x0000000607200000|  0%| F|  |TAMS 0x0000000607000000, 0x0000000607000000| Untracked 
|  40|0x0000000607200000, 0x0000000607200000, 0x0000000607400000|  0%| F|  |TAMS 0x0000000607200000, 0x0000000607200000| Untracked 
|  41|0x0000000607400000, 0x0000000607400000, 0x0000000607600000|  0%| F|  |TAMS 0x0000000607400000, 0x0000000607400000| Untracked 
|  42|0x0000000607600000, 0x0000000607600000, 0x0000000607800000|  0%| F|  |TAMS 0x0000000607600000, 0x0000000607600000| Untracked 
|  43|0x0000000607800000, 0x0000000607800000, 0x0000000607a00000|  0%| F|  |TAMS 0x0000000607800000, 0x0000000607800000| Untracked 
|  44|0x0000000607a00000, 0x0000000607a00000, 0x0000000607c00000|  0%| F|  |TAMS 0x0000000607a00000, 0x0000000607a00000| Untracked 
|  45|0x0000000607c00000, 0x0000000607c00000, 0x0000000607e00000|  0%| F|  |TAMS 0x0000000607c00000, 0x0000000607c00000| Untracked 
|  46|0x0000000607e00000, 0x0000000607e00000, 0x0000000608000000|  0%| F|  |TAMS 0x0000000607e00000, 0x0000000607e00000| Untracked 
|  47|0x0000000608000000, 0x0000000608000000, 0x0000000608200000|  0%| F|  |TAMS 0x0000000608000000, 0x0000000608000000| Untracked 
|  48|0x0000000608200000, 0x0000000608200000, 0x0000000608400000|  0%| F|  |TAMS 0x0000000608200000, 0x0000000608200000| Untracked 
|  49|0x0000000608400000, 0x0000000608400000, 0x0000000608600000|  0%| F|  |TAMS 0x0000000608400000, 0x0000000608400000| Untracked 
|  50|0x0000000608600000, 0x0000000608600000, 0x0000000608800000|  0%| F|  |TAMS 0x0000000608600000, 0x0000000608600000| Untracked 
|  51|0x0000000608800000, 0x0000000608800000, 0x0000000608a00000|  0%| F|  |TAMS 0x0000000608800000, 0x0000000608800000| Untracked 
|  52|0x0000000608a00000, 0x0000000608a00000, 0x0000000608c00000|  0%| F|  |TAMS 0x0000000608a00000, 0x0000000608a00000| Untracked 
|  53|0x0000000608c00000, 0x0000000608c00000, 0x0000000608e00000|  0%| F|  |TAMS 0x0000000608c00000, 0x0000000608c00000| Untracked 
|  54|0x0000000608e00000, 0x0000000608e00000, 0x0000000609000000|  0%| F|  |TAMS 0x0000000608e00000, 0x0000000608e00000| Untracked 
|  55|0x0000000609000000, 0x0000000609000000, 0x0000000609200000|  0%| F|  |TAMS 0x0000000609000000, 0x0000000609000000| Untracked 
|  56|0x0000000609200000, 0x0000000609200000, 0x0000000609400000|  0%| F|  |TAMS 0x0000000609200000, 0x0000000609200000| Untracked 
|  57|0x0000000609400000, 0x0000000609400000, 0x0000000609600000|  0%| F|  |TAMS 0x0000000609400000, 0x0000000609400000| Untracked 
|  58|0x0000000609600000, 0x0000000609600000, 0x0000000609800000|  0%| F|  |TAMS 0x0000000609600000, 0x0000000609600000| Untracked 
|  59|0x0000000609800000, 0x0000000609800000, 0x0000000609a00000|  0%| F|  |TAMS 0x0000000609800000, 0x0000000609800000| Untracked 
|  60|0x0000000609a00000, 0x0000000609a00000, 0x0000000609c00000|  0%| F|  |TAMS 0x0000000609a00000, 0x0000000609a00000| Untracked 
|  61|0x0000000609c00000, 0x0000000609c00000, 0x0000000609e00000|  0%| F|  |TAMS 0x0000000609c00000, 0x0000000609c00000| Untracked 
|  62|0x0000000609e00000, 0x0000000609e00000, 0x000000060a000000|  0%| F|  |TAMS 0x0000000609e00000, 0x0000000609e00000| Untracked 
|  63|0x000000060a000000, 0x000000060a000000, 0x000000060a200000|  0%| F|  |TAMS 0x000000060a000000, 0x000000060a000000| Untracked 
|  64|0x000000060a200000, 0x000000060a200000, 0x000000060a400000|  0%| F|  |TAMS 0x000000060a200000, 0x000000060a200000| Untracked 
|  65|0x000000060a400000, 0x000000060a400000, 0x000000060a600000|  0%| F|  |TAMS 0x000000060a400000, 0x000000060a400000| Untracked 
|  66|0x000000060a600000, 0x000000060a600000, 0x000000060a800000|  0%| F|  |TAMS 0x000000060a600000, 0x000000060a600000| Untracked 
|  67|0x000000060a800000, 0x000000060a800000, 0x000000060aa00000|  0%| F|  |TAMS 0x000000060a800000, 0x000000060a800000| Untracked 
|  68|0x000000060aa00000, 0x000000060aa00000, 0x000000060ac00000|  0%| F|  |TAMS 0x000000060aa00000, 0x000000060aa00000| Untracked 
|  69|0x000000060ac00000, 0x000000060ac00000, 0x000000060ae00000|  0%| F|  |TAMS 0x000000060ac00000, 0x000000060ac00000| Untracked 
|  70|0x000000060ae00000, 0x000000060ae00000, 0x000000060b000000|  0%| F|  |TAMS 0x000000060ae00000, 0x000000060ae00000| Untracked 
|  71|0x000000060b000000, 0x000000060b000000, 0x000000060b200000|  0%| F|  |TAMS 0x000000060b000000, 0x000000060b000000| Untracked 
|  72|0x000000060b200000, 0x000000060b200000, 0x000000060b400000|  0%| F|  |TAMS 0x000000060b200000, 0x000000060b200000| Untracked 
|  73|0x000000060b400000, 0x000000060b400000, 0x000000060b600000|  0%| F|  |TAMS 0x000000060b400000, 0x000000060b400000| Untracked 
|  74|0x000000060b600000, 0x000000060b600000, 0x000000060b800000|  0%| F|  |TAMS 0x000000060b600000, 0x000000060b600000| Untracked 
|  75|0x000000060b800000, 0x000000060b800000, 0x000000060ba00000|  0%| F|  |TAMS 0x000000060b800000, 0x000000060b800000| Untracked 
|  76|0x000000060ba00000, 0x000000060ba00000, 0x000000060bc00000|  0%| F|  |TAMS 0x000000060ba00000, 0x000000060ba00000| Untracked 
|  77|0x000000060bc00000, 0x000000060bc00000, 0x000000060be00000|  0%| F|  |TAMS 0x000000060bc00000, 0x000000060bc00000| Untracked 
|  78|0x000000060be00000, 0x000000060be00000, 0x000000060c000000|  0%| F|  |TAMS 0x000000060be00000, 0x000000060be00000| Untracked 
|  79|0x000000060c000000, 0x000000060c000000, 0x000000060c200000|  0%| F|  |TAMS 0x000000060c000000, 0x000000060c000000| Untracked 
|  80|0x000000060c200000, 0x000000060c200000, 0x000000060c400000|  0%| F|  |TAMS 0x000000060c200000, 0x000000060c200000| Untracked 
|  81|0x000000060c400000, 0x000000060c400000, 0x000000060c600000|  0%| F|  |TAMS 0x000000060c400000, 0x000000060c400000| Untracked 
|  82|0x000000060c600000, 0x000000060c600000, 0x000000060c800000|  0%| F|  |TAMS 0x000000060c600000, 0x000000060c600000| Untracked 
|  83|0x000000060c800000, 0x000000060c800000, 0x000000060ca00000|  0%| F|  |TAMS 0x000000060c800000, 0x000000060c800000| Untracked 
|  84|0x000000060ca00000, 0x000000060ca00000, 0x000000060cc00000|  0%| F|  |TAMS 0x000000060ca00000, 0x000000060ca00000| Untracked 
|  85|0x000000060cc00000, 0x000000060cc00000, 0x000000060ce00000|  0%| F|  |TAMS 0x000000060cc00000, 0x000000060cc00000| Untracked 
|  86|0x000000060ce00000, 0x000000060ce00000, 0x000000060d000000|  0%| F|  |TAMS 0x000000060ce00000, 0x000000060ce00000| Untracked 
|  87|0x000000060d000000, 0x000000060d000000, 0x000000060d200000|  0%| F|  |TAMS 0x000000060d000000, 0x000000060d000000| Untracked 
|  88|0x000000060d200000, 0x000000060d200000, 0x000000060d400000|  0%| F|  |TAMS 0x000000060d200000, 0x000000060d200000| Untracked 
|  89|0x000000060d400000, 0x000000060d400000, 0x000000060d600000|  0%| F|  |TAMS 0x000000060d400000, 0x000000060d400000| Untracked 
|  90|0x000000060d600000, 0x000000060d600000, 0x000000060d800000|  0%| F|  |TAMS 0x000000060d600000, 0x000000060d600000| Untracked 
|  91|0x000000060d800000, 0x000000060d800000, 0x000000060da00000|  0%| F|  |TAMS 0x000000060d800000, 0x000000060d800000| Untracked 
|  92|0x000000060da00000, 0x000000060da00000, 0x000000060dc00000|  0%| F|  |TAMS 0x000000060da00000, 0x000000060da00000| Untracked 
|  93|0x000000060dc00000, 0x000000060dc00000, 0x000000060de00000|  0%| F|  |TAMS 0x000000060dc00000, 0x000000060dc00000| Untracked 
|  94|0x000000060de00000, 0x000000060de00000, 0x000000060e000000|  0%| F|  |TAMS 0x000000060de00000, 0x000000060de00000| Untracked 
|  95|0x000000060e000000, 0x000000060e000000, 0x000000060e200000|  0%| F|  |TAMS 0x000000060e000000, 0x000000060e000000| Untracked 
|  96|0x000000060e200000, 0x000000060e200000, 0x000000060e400000|  0%| F|  |TAMS 0x000000060e200000, 0x000000060e200000| Untracked 
|  97|0x000000060e400000, 0x000000060e400000, 0x000000060e600000|  0%| F|  |TAMS 0x000000060e400000, 0x000000060e400000| Untracked 
|  98|0x000000060e600000, 0x000000060e600000, 0x000000060e800000|  0%| F|  |TAMS 0x000000060e600000, 0x000000060e600000| Untracked 
|  99|0x000000060e800000, 0x000000060e800000, 0x000000060ea00000|  0%| F|  |TAMS 0x000000060e800000, 0x000000060e800000| Untracked 
| 100|0x000000060ea00000, 0x000000060ea00000, 0x000000060ec00000|  0%| F|  |TAMS 0x000000060ea00000, 0x000000060ea00000| Untracked 
| 101|0x000000060ec00000, 0x000000060ec00000, 0x000000060ee00000|  0%| F|  |TAMS 0x000000060ec00000, 0x000000060ec00000| Untracked 
| 102|0x000000060ee00000, 0x000000060ee00000, 0x000000060f000000|  0%| F|  |TAMS 0x000000060ee00000, 0x000000060ee00000| Untracked 
| 103|0x000000060f000000, 0x000000060f000000, 0x000000060f200000|  0%| F|  |TAMS 0x000000060f000000, 0x000000060f000000| Untracked 
| 104|0x000000060f200000, 0x000000060f200000, 0x000000060f400000|  0%| F|  |TAMS 0x000000060f200000, 0x000000060f200000| Untracked 
| 105|0x000000060f400000, 0x000000060f400000, 0x000000060f600000|  0%| F|  |TAMS 0x000000060f400000, 0x000000060f400000| Untracked 
| 106|0x000000060f600000, 0x000000060f600000, 0x000000060f800000|  0%| F|  |TAMS 0x000000060f600000, 0x000000060f600000| Untracked 
| 107|0x000000060f800000, 0x000000060f800000, 0x000000060fa00000|  0%| F|  |TAMS 0x000000060f800000, 0x000000060f800000| Untracked 
| 108|0x000000060fa00000, 0x000000060fa00000, 0x000000060fc00000|  0%| F|  |TAMS 0x000000060fa00000, 0x000000060fa00000| Untracked 
| 109|0x000000060fc00000, 0x000000060fc00000, 0x000000060fe00000|  0%| F|  |TAMS 0x000000060fc00000, 0x000000060fc00000| Untracked 
| 110|0x000000060fe00000, 0x000000060fe00000, 0x0000000610000000|  0%| F|  |TAMS 0x000000060fe00000, 0x000000060fe00000| Untracked 
| 111|0x0000000610000000, 0x0000000610000000, 0x0000000610200000|  0%| F|  |TAMS 0x0000000610000000, 0x0000000610000000| Untracked 
| 112|0x0000000610200000, 0x0000000610200000, 0x0000000610400000|  0%| F|  |TAMS 0x0000000610200000, 0x0000000610200000| Untracked 
| 113|0x0000000610400000, 0x0000000610400000, 0x0000000610600000|  0%| F|  |TAMS 0x0000000610400000, 0x0000000610400000| Untracked 
| 114|0x0000000610600000, 0x0000000610600000, 0x0000000610800000|  0%| F|  |TAMS 0x0000000610600000, 0x0000000610600000| Untracked 
| 115|0x0000000610800000, 0x0000000610800000, 0x0000000610a00000|  0%| F|  |TAMS 0x0000000610800000, 0x0000000610800000| Untracked 
| 116|0x0000000610a00000, 0x0000000610a00000, 0x0000000610c00000|  0%| F|  |TAMS 0x0000000610a00000, 0x0000000610a00000| Untracked 
| 117|0x0000000610c00000, 0x0000000610c00000, 0x0000000610e00000|  0%| F|  |TAMS 0x0000000610c00000, 0x0000000610c00000| Untracked 
| 118|0x0000000610e00000, 0x0000000610e00000, 0x0000000611000000|  0%| F|  |TAMS 0x0000000610e00000, 0x0000000610e00000| Untracked 
| 119|0x0000000611000000, 0x0000000611000000, 0x0000000611200000|  0%| F|  |TAMS 0x0000000611000000, 0x0000000611000000| Untracked 
| 120|0x0000000611200000, 0x0000000611200000, 0x0000000611400000|  0%| F|  |TAMS 0x0000000611200000, 0x0000000611200000| Untracked 
| 121|0x0000000611400000, 0x0000000611400000, 0x0000000611600000|  0%| F|  |TAMS 0x0000000611400000, 0x0000000611400000| Untracked 
| 122|0x0000000611600000, 0x0000000611600000, 0x0000000611800000|  0%| F|  |TAMS 0x0000000611600000, 0x0000000611600000| Untracked 
| 123|0x0000000611800000, 0x0000000611800000, 0x0000000611a00000|  0%| F|  |TAMS 0x0000000611800000, 0x0000000611800000| Untracked 
| 124|0x0000000611a00000, 0x0000000611a00000, 0x0000000611c00000|  0%| F|  |TAMS 0x0000000611a00000, 0x0000000611a00000| Untracked 
| 125|0x0000000611c00000, 0x0000000611c00000, 0x0000000611e00000|  0%| F|  |TAMS 0x0000000611c00000, 0x0000000611c00000| Untracked 
| 126|0x0000000611e00000, 0x0000000611e00000, 0x0000000612000000|  0%| F|  |TAMS 0x0000000611e00000, 0x0000000611e00000| Untracked 
| 127|0x0000000612000000, 0x0000000612000000, 0x0000000612200000|  0%| F|  |TAMS 0x0000000612000000, 0x0000000612000000| Untracked 
| 128|0x0000000612200000, 0x0000000612200000, 0x0000000612400000|  0%| F|  |TAMS 0x0000000612200000, 0x0000000612200000| Untracked 
| 129|0x0000000612400000, 0x0000000612400000, 0x0000000612600000|  0%| F|  |TAMS 0x0000000612400000, 0x0000000612400000| Untracked 
| 130|0x0000000612600000, 0x0000000612600000, 0x0000000612800000|  0%| F|  |TAMS 0x0000000612600000, 0x0000000612600000| Untracked 
| 131|0x0000000612800000, 0x0000000612800000, 0x0000000612a00000|  0%| F|  |TAMS 0x0000000612800000, 0x0000000612800000| Untracked 
| 132|0x0000000612a00000, 0x0000000612a00000, 0x0000000612c00000|  0%| F|  |TAMS 0x0000000612a00000, 0x0000000612a00000| Untracked 
| 133|0x0000000612c00000, 0x0000000612c00000, 0x0000000612e00000|  0%| F|  |TAMS 0x0000000612c00000, 0x0000000612c00000| Untracked 
| 134|0x0000000612e00000, 0x0000000612e00000, 0x0000000613000000|  0%| F|  |TAMS 0x0000000612e00000, 0x0000000612e00000| Untracked 
| 135|0x0000000613000000, 0x0000000613000000, 0x0000000613200000|  0%| F|  |TAMS 0x0000000613000000, 0x0000000613000000| Untracked 
| 136|0x0000000613200000, 0x0000000613200000, 0x0000000613400000|  0%| F|  |TAMS 0x0000000613200000, 0x0000000613200000| Untracked 
| 137|0x0000000613400000, 0x0000000613400000, 0x0000000613600000|  0%| F|  |TAMS 0x0000000613400000, 0x0000000613400000| Untracked 
| 138|0x0000000613600000, 0x0000000613600000, 0x0000000613800000|  0%| F|  |TAMS 0x0000000613600000, 0x0000000613600000| Untracked 
| 139|0x0000000613800000, 0x0000000613800000, 0x0000000613a00000|  0%| F|  |TAMS 0x0000000613800000, 0x0000000613800000| Untracked 
| 140|0x0000000613a00000, 0x0000000613a00000, 0x0000000613c00000|  0%| F|  |TAMS 0x0000000613a00000, 0x0000000613a00000| Untracked 
| 141|0x0000000613c00000, 0x0000000613c00000, 0x0000000613e00000|  0%| F|  |TAMS 0x0000000613c00000, 0x0000000613c00000| Untracked 
| 142|0x0000000613e00000, 0x0000000613e00000, 0x0000000614000000|  0%| F|  |TAMS 0x0000000613e00000, 0x0000000613e00000| Untracked 
| 143|0x0000000614000000, 0x0000000614000000, 0x0000000614200000|  0%| F|  |TAMS 0x0000000614000000, 0x0000000614000000| Untracked 
| 144|0x0000000614200000, 0x0000000614200000, 0x0000000614400000|  0%| F|  |TAMS 0x0000000614200000, 0x0000000614200000| Untracked 
| 145|0x0000000614400000, 0x0000000614400000, 0x0000000614600000|  0%| F|  |TAMS 0x0000000614400000, 0x0000000614400000| Untracked 
| 146|0x0000000614600000, 0x0000000614600000, 0x0000000614800000|  0%| F|  |TAMS 0x0000000614600000, 0x0000000614600000| Untracked 
| 147|0x0000000614800000, 0x0000000614800000, 0x0000000614a00000|  0%| F|  |TAMS 0x0000000614800000, 0x0000000614800000| Untracked 
| 148|0x0000000614a00000, 0x0000000614a00000, 0x0000000614c00000|  0%| F|  |TAMS 0x0000000614a00000, 0x0000000614a00000| Untracked 
| 149|0x0000000614c00000, 0x0000000614c00000, 0x0000000614e00000|  0%| F|  |TAMS 0x0000000614c00000, 0x0000000614c00000| Untracked 
| 150|0x0000000614e00000, 0x0000000614e00000, 0x0000000615000000|  0%| F|  |TAMS 0x0000000614e00000, 0x0000000614e00000| Untracked 
| 151|0x0000000615000000, 0x0000000615000000, 0x0000000615200000|  0%| F|  |TAMS 0x0000000615000000, 0x0000000615000000| Untracked 
| 152|0x0000000615200000, 0x0000000615200000, 0x0000000615400000|  0%| F|  |TAMS 0x0000000615200000, 0x0000000615200000| Untracked 
| 153|0x0000000615400000, 0x0000000615400000, 0x0000000615600000|  0%| F|  |TAMS 0x0000000615400000, 0x0000000615400000| Untracked 
| 154|0x0000000615600000, 0x0000000615600000, 0x0000000615800000|  0%| F|  |TAMS 0x0000000615600000, 0x0000000615600000| Untracked 
| 155|0x0000000615800000, 0x0000000615800000, 0x0000000615a00000|  0%| F|  |TAMS 0x0000000615800000, 0x0000000615800000| Untracked 
| 156|0x0000000615a00000, 0x0000000615a00000, 0x0000000615c00000|  0%| F|  |TAMS 0x0000000615a00000, 0x0000000615a00000| Untracked 
| 157|0x0000000615c00000, 0x0000000615c00000, 0x0000000615e00000|  0%| F|  |TAMS 0x0000000615c00000, 0x0000000615c00000| Untracked 
| 158|0x0000000615e00000, 0x0000000615e00000, 0x0000000616000000|  0%| F|  |TAMS 0x0000000615e00000, 0x0000000615e00000| Untracked 
| 159|0x0000000616000000, 0x0000000616000000, 0x0000000616200000|  0%| F|  |TAMS 0x0000000616000000, 0x0000000616000000| Untracked 
| 160|0x0000000616200000, 0x0000000616200000, 0x0000000616400000|  0%| F|  |TAMS 0x0000000616200000, 0x0000000616200000| Untracked 
| 161|0x0000000616400000, 0x0000000616400000, 0x0000000616600000|  0%| F|  |TAMS 0x0000000616400000, 0x0000000616400000| Untracked 
| 162|0x0000000616600000, 0x0000000616600000, 0x0000000616800000|  0%| F|  |TAMS 0x0000000616600000, 0x0000000616600000| Untracked 
| 163|0x0000000616800000, 0x0000000616800000, 0x0000000616a00000|  0%| F|  |TAMS 0x0000000616800000, 0x0000000616800000| Untracked 
| 164|0x0000000616a00000, 0x0000000616a00000, 0x0000000616c00000|  0%| F|  |TAMS 0x0000000616a00000, 0x0000000616a00000| Untracked 
| 165|0x0000000616c00000, 0x0000000616c00000, 0x0000000616e00000|  0%| F|  |TAMS 0x0000000616c00000, 0x0000000616c00000| Untracked 
| 166|0x0000000616e00000, 0x0000000616e00000, 0x0000000617000000|  0%| F|  |TAMS 0x0000000616e00000, 0x0000000616e00000| Untracked 
| 167|0x0000000617000000, 0x0000000617000000, 0x0000000617200000|  0%| F|  |TAMS 0x0000000617000000, 0x0000000617000000| Untracked 
| 168|0x0000000617200000, 0x0000000617200000, 0x0000000617400000|  0%| F|  |TAMS 0x0000000617200000, 0x0000000617200000| Untracked 
| 169|0x0000000617400000, 0x0000000617400000, 0x0000000617600000|  0%| F|  |TAMS 0x0000000617400000, 0x0000000617400000| Untracked 
| 170|0x0000000617600000, 0x0000000617600000, 0x0000000617800000|  0%| F|  |TAMS 0x0000000617600000, 0x0000000617600000| Untracked 
| 171|0x0000000617800000, 0x0000000617800000, 0x0000000617a00000|  0%| F|  |TAMS 0x0000000617800000, 0x0000000617800000| Untracked 
| 172|0x0000000617a00000, 0x0000000617a00000, 0x0000000617c00000|  0%| F|  |TAMS 0x0000000617a00000, 0x0000000617a00000| Untracked 
| 173|0x0000000617c00000, 0x0000000617c00000, 0x0000000617e00000|  0%| F|  |TAMS 0x0000000617c00000, 0x0000000617c00000| Untracked 
| 174|0x0000000617e00000, 0x0000000617e00000, 0x0000000618000000|  0%| F|  |TAMS 0x0000000617e00000, 0x0000000617e00000| Untracked 
| 175|0x0000000618000000, 0x0000000618000000, 0x0000000618200000|  0%| F|  |TAMS 0x0000000618000000, 0x0000000618000000| Untracked 
| 176|0x0000000618200000, 0x0000000618200000, 0x0000000618400000|  0%| F|  |TAMS 0x0000000618200000, 0x0000000618200000| Untracked 
| 177|0x0000000618400000, 0x0000000618400000, 0x0000000618600000|  0%| F|  |TAMS 0x0000000618400000, 0x0000000618400000| Untracked 
| 178|0x0000000618600000, 0x0000000618600000, 0x0000000618800000|  0%| F|  |TAMS 0x0000000618600000, 0x0000000618600000| Untracked 
| 179|0x0000000618800000, 0x0000000618800000, 0x0000000618a00000|  0%| F|  |TAMS 0x0000000618800000, 0x0000000618800000| Untracked 
| 180|0x0000000618a00000, 0x0000000618a00000, 0x0000000618c00000|  0%| F|  |TAMS 0x0000000618a00000, 0x0000000618a00000| Untracked 
| 181|0x0000000618c00000, 0x0000000618c00000, 0x0000000618e00000|  0%| F|  |TAMS 0x0000000618c00000, 0x0000000618c00000| Untracked 
| 182|0x0000000618e00000, 0x0000000618e00000, 0x0000000619000000|  0%| F|  |TAMS 0x0000000618e00000, 0x0000000618e00000| Untracked 
| 183|0x0000000619000000, 0x0000000619000000, 0x0000000619200000|  0%| F|  |TAMS 0x0000000619000000, 0x0000000619000000| Untracked 
| 184|0x0000000619200000, 0x0000000619200000, 0x0000000619400000|  0%| F|  |TAMS 0x0000000619200000, 0x0000000619200000| Untracked 
| 185|0x0000000619400000, 0x0000000619400000, 0x0000000619600000|  0%| F|  |TAMS 0x0000000619400000, 0x0000000619400000| Untracked 
| 186|0x0000000619600000, 0x0000000619600000, 0x0000000619800000|  0%| F|  |TAMS 0x0000000619600000, 0x0000000619600000| Untracked 
| 187|0x0000000619800000, 0x0000000619800000, 0x0000000619a00000|  0%| F|  |TAMS 0x0000000619800000, 0x0000000619800000| Untracked 
| 188|0x0000000619a00000, 0x0000000619a00000, 0x0000000619c00000|  0%| F|  |TAMS 0x0000000619a00000, 0x0000000619a00000| Untracked 
| 189|0x0000000619c00000, 0x0000000619c00000, 0x0000000619e00000|  0%| F|  |TAMS 0x0000000619c00000, 0x0000000619c00000| Untracked 
| 190|0x0000000619e00000, 0x0000000619e00000, 0x000000061a000000|  0%| F|  |TAMS 0x0000000619e00000, 0x0000000619e00000| Untracked 
| 191|0x000000061a000000, 0x000000061a000000, 0x000000061a200000|  0%| F|  |TAMS 0x000000061a000000, 0x000000061a000000| Untracked 
| 192|0x000000061a200000, 0x000000061a200000, 0x000000061a400000|  0%| F|  |TAMS 0x000000061a200000, 0x000000061a200000| Untracked 
| 193|0x000000061a400000, 0x000000061a400000, 0x000000061a600000|  0%| F|  |TAMS 0x000000061a400000, 0x000000061a400000| Untracked 
| 194|0x000000061a600000, 0x000000061a600000, 0x000000061a800000|  0%| F|  |TAMS 0x000000061a600000, 0x000000061a600000| Untracked 
| 195|0x000000061a800000, 0x000000061a800000, 0x000000061aa00000|  0%| F|  |TAMS 0x000000061a800000, 0x000000061a800000| Untracked 
| 196|0x000000061aa00000, 0x000000061aa00000, 0x000000061ac00000|  0%| F|  |TAMS 0x000000061aa00000, 0x000000061aa00000| Untracked 
| 197|0x000000061ac00000, 0x000000061ac00000, 0x000000061ae00000|  0%| F|  |TAMS 0x000000061ac00000, 0x000000061ac00000| Untracked 
| 198|0x000000061ae00000, 0x000000061ae00000, 0x000000061b000000|  0%| F|  |TAMS 0x000000061ae00000, 0x000000061ae00000| Untracked 
| 199|0x000000061b000000, 0x000000061b000000, 0x000000061b200000|  0%| F|  |TAMS 0x000000061b000000, 0x000000061b000000| Untracked 
| 200|0x000000061b200000, 0x000000061b200000, 0x000000061b400000|  0%| F|  |TAMS 0x000000061b200000, 0x000000061b200000| Untracked 
| 201|0x000000061b400000, 0x000000061b400000, 0x000000061b600000|  0%| F|  |TAMS 0x000000061b400000, 0x000000061b400000| Untracked 
| 202|0x000000061b600000, 0x000000061b600000, 0x000000061b800000|  0%| F|  |TAMS 0x000000061b600000, 0x000000061b600000| Untracked 
| 203|0x000000061b800000, 0x000000061b800000, 0x000000061ba00000|  0%| F|  |TAMS 0x000000061b800000, 0x000000061b800000| Untracked 
| 204|0x000000061ba00000, 0x000000061ba00000, 0x000000061bc00000|  0%| F|  |TAMS 0x000000061ba00000, 0x000000061ba00000| Untracked 
| 205|0x000000061bc00000, 0x000000061bc00000, 0x000000061be00000|  0%| F|  |TAMS 0x000000061bc00000, 0x000000061bc00000| Untracked 
| 206|0x000000061be00000, 0x000000061be00000, 0x000000061c000000|  0%| F|  |TAMS 0x000000061be00000, 0x000000061be00000| Untracked 
| 207|0x000000061c000000, 0x000000061c000000, 0x000000061c200000|  0%| F|  |TAMS 0x000000061c000000, 0x000000061c000000| Untracked 
| 208|0x000000061c200000, 0x000000061c200000, 0x000000061c400000|  0%| F|  |TAMS 0x000000061c200000, 0x000000061c200000| Untracked 
| 209|0x000000061c400000, 0x000000061c400000, 0x000000061c600000|  0%| F|  |TAMS 0x000000061c400000, 0x000000061c400000| Untracked 
| 210|0x000000061c600000, 0x000000061c600000, 0x000000061c800000|  0%| F|  |TAMS 0x000000061c600000, 0x000000061c600000| Untracked 
| 211|0x000000061c800000, 0x000000061c800000, 0x000000061ca00000|  0%| F|  |TAMS 0x000000061c800000, 0x000000061c800000| Untracked 
| 212|0x000000061ca00000, 0x000000061ca00000, 0x000000061cc00000|  0%| F|  |TAMS 0x000000061ca00000, 0x000000061ca00000| Untracked 
| 213|0x000000061cc00000, 0x000000061cc00000, 0x000000061ce00000|  0%| F|  |TAMS 0x000000061cc00000, 0x000000061cc00000| Untracked 
| 214|0x000000061ce00000, 0x000000061ce00000, 0x000000061d000000|  0%| F|  |TAMS 0x000000061ce00000, 0x000000061ce00000| Untracked 
| 215|0x000000061d000000, 0x000000061d000000, 0x000000061d200000|  0%| F|  |TAMS 0x000000061d000000, 0x000000061d000000| Untracked 
| 216|0x000000061d200000, 0x000000061d200000, 0x000000061d400000|  0%| F|  |TAMS 0x000000061d200000, 0x000000061d200000| Untracked 
| 217|0x000000061d400000, 0x000000061d400000, 0x000000061d600000|  0%| F|  |TAMS 0x000000061d400000, 0x000000061d400000| Untracked 
| 218|0x000000061d600000, 0x000000061d600000, 0x000000061d800000|  0%| F|  |TAMS 0x000000061d600000, 0x000000061d600000| Untracked 
| 219|0x000000061d800000, 0x000000061d800000, 0x000000061da00000|  0%| F|  |TAMS 0x000000061d800000, 0x000000061d800000| Untracked 
| 220|0x000000061da00000, 0x000000061da00000, 0x000000061dc00000|  0%| F|  |TAMS 0x000000061da00000, 0x000000061da00000| Untracked 
| 221|0x000000061dc00000, 0x000000061dc00000, 0x000000061de00000|  0%| F|  |TAMS 0x000000061dc00000, 0x000000061dc00000| Untracked 
| 222|0x000000061de00000, 0x000000061de00000, 0x000000061e000000|  0%| F|  |TAMS 0x000000061de00000, 0x000000061de00000| Untracked 
| 223|0x000000061e000000, 0x000000061e000000, 0x000000061e200000|  0%| F|  |TAMS 0x000000061e000000, 0x000000061e000000| Untracked 
| 224|0x000000061e200000, 0x000000061e200000, 0x000000061e400000|  0%| F|  |TAMS 0x000000061e200000, 0x000000061e200000| Untracked 
| 225|0x000000061e400000, 0x000000061e400000, 0x000000061e600000|  0%| F|  |TAMS 0x000000061e400000, 0x000000061e400000| Untracked 
| 226|0x000000061e600000, 0x000000061e600000, 0x000000061e800000|  0%| F|  |TAMS 0x000000061e600000, 0x000000061e600000| Untracked 
| 227|0x000000061e800000, 0x000000061e800000, 0x000000061ea00000|  0%| F|  |TAMS 0x000000061e800000, 0x000000061e800000| Untracked 
| 228|0x000000061ea00000, 0x000000061ea00000, 0x000000061ec00000|  0%| F|  |TAMS 0x000000061ea00000, 0x000000061ea00000| Untracked 
| 229|0x000000061ec00000, 0x000000061ec00000, 0x000000061ee00000|  0%| F|  |TAMS 0x000000061ec00000, 0x000000061ec00000| Untracked 
| 230|0x000000061ee00000, 0x000000061ee00000, 0x000000061f000000|  0%| F|  |TAMS 0x000000061ee00000, 0x000000061ee00000| Untracked 
| 231|0x000000061f000000, 0x000000061f000000, 0x000000061f200000|  0%| F|  |TAMS 0x000000061f000000, 0x000000061f000000| Untracked 
| 232|0x000000061f200000, 0x000000061f200000, 0x000000061f400000|  0%| F|  |TAMS 0x000000061f200000, 0x000000061f200000| Untracked 
| 233|0x000000061f400000, 0x000000061f400000, 0x000000061f600000|  0%| F|  |TAMS 0x000000061f400000, 0x000000061f400000| Untracked 
| 234|0x000000061f600000, 0x000000061f600000, 0x000000061f800000|  0%| F|  |TAMS 0x000000061f600000, 0x000000061f600000| Untracked 
| 235|0x000000061f800000, 0x000000061f800000, 0x000000061fa00000|  0%| F|  |TAMS 0x000000061f800000, 0x000000061f800000| Untracked 
| 236|0x000000061fa00000, 0x000000061fa00000, 0x000000061fc00000|  0%| F|  |TAMS 0x000000061fa00000, 0x000000061fa00000| Untracked 
| 237|0x000000061fc00000, 0x000000061fc00000, 0x000000061fe00000|  0%| F|  |TAMS 0x000000061fc00000, 0x000000061fc00000| Untracked 
| 238|0x000000061fe00000, 0x000000061fe00000, 0x0000000620000000|  0%| F|  |TAMS 0x000000061fe00000, 0x000000061fe00000| Untracked 
| 239|0x0000000620000000, 0x0000000620000000, 0x0000000620200000|  0%| F|  |TAMS 0x0000000620000000, 0x0000000620000000| Untracked 
| 240|0x0000000620200000, 0x0000000620200000, 0x0000000620400000|  0%| F|  |TAMS 0x0000000620200000, 0x0000000620200000| Untracked 
| 241|0x0000000620400000, 0x0000000620400000, 0x0000000620600000|  0%| F|  |TAMS 0x0000000620400000, 0x0000000620400000| Untracked 
| 242|0x0000000620600000, 0x0000000620600000, 0x0000000620800000|  0%| F|  |TAMS 0x0000000620600000, 0x0000000620600000| Untracked 
| 243|0x0000000620800000, 0x0000000620800000, 0x0000000620a00000|  0%| F|  |TAMS 0x0000000620800000, 0x0000000620800000| Untracked 
| 244|0x0000000620a00000, 0x0000000620a00000, 0x0000000620c00000|  0%| F|  |TAMS 0x0000000620a00000, 0x0000000620a00000| Untracked 
| 245|0x0000000620c00000, 0x0000000620c00000, 0x0000000620e00000|  0%| F|  |TAMS 0x0000000620c00000, 0x0000000620c00000| Untracked 
| 246|0x0000000620e00000, 0x0000000620e00000, 0x0000000621000000|  0%| F|  |TAMS 0x0000000620e00000, 0x0000000620e00000| Untracked 
| 247|0x0000000621000000, 0x0000000621000000, 0x0000000621200000|  0%| F|  |TAMS 0x0000000621000000, 0x0000000621000000| Untracked 
| 248|0x0000000621200000, 0x0000000621200000, 0x0000000621400000|  0%| F|  |TAMS 0x0000000621200000, 0x0000000621200000| Untracked 
| 249|0x0000000621400000, 0x0000000621400000, 0x0000000621600000|  0%| F|  |TAMS 0x0000000621400000, 0x0000000621400000| Untracked 
| 250|0x0000000621600000, 0x0000000621600000, 0x0000000621800000|  0%| F|  |TAMS 0x0000000621600000, 0x0000000621600000| Untracked 
| 251|0x0000000621800000, 0x00000006218fcf08, 0x0000000621a00000| 49%| E|  |TAMS 0x0000000621800000, 0x0000000621800000| Complete 
| 252|0x0000000621a00000, 0x0000000621c00000, 0x0000000621c00000|100%| E|CS|TAMS 0x0000000621a00000, 0x0000000621a00000| Complete 
| 253|0x0000000621c00000, 0x0000000621e00000, 0x0000000621e00000|100%| E|CS|TAMS 0x0000000621c00000, 0x0000000621c00000| Complete 
| 254|0x0000000621e00000, 0x0000000622000000, 0x0000000622000000|100%| E|CS|TAMS 0x0000000621e00000, 0x0000000621e00000| Complete 

Card table byte_map: [0x0000016b36310000,0x0000016b37300000] _byte_map_base: 0x0000016b332ff000

Marking Bits (Prev, Next): (CMBitMap*) 0x0000016b1b7bcb68, (CMBitMap*) 0x0000016b1b7bcba8
 Prev Bits: [0x0000016b382f0000, 0x0000016b40268000)
 Next Bits: [0x0000016b40270000, 0x0000016b481e8000)

Polling page: 0x0000016b1b6b0000

Metaspace:

Usage:
  Non-class:      4.52 MB capacity,     2.65 MB ( 59%) used,     1.86 MB ( 41%) free+waste,     4.56 KB ( <1%) overhead. 
      Class:    460.00 KB capacity,   284.85 KB ( 62%) used,   172.65 KB ( 38%) free+waste,     2.50 KB ( <1%) overhead. 
       Both:      4.97 MB capacity,     2.93 MB ( 59%) used,     2.03 MB ( 41%) free+waste,     7.06 KB ( <1%) overhead. 

Virtual space:
  Non-class space:        8.00 MB reserved,       4.75 MB ( 59%) committed 
      Class space:        1.00 GB reserved,     512.00 KB ( <1%) committed 
             Both:        1.01 GB reserved,       5.25 MB ( <1%) committed 

Chunk freelists:
   Non-Class:  45.00 KB
       Class:  0 bytes
        Both:  45.00 KB

MaxMetaspaceSize: 17179869184.00 GB
CompressedClassSpaceSize: 1.00 GB

CodeHeap 'non-profiled nmethods': size=120000Kb used=179Kb max_used=179Kb free=119820Kb
 bounds [0x0000016b2dac0000, 0x0000016b2dd30000, 0x0000016b34ff0000]
CodeHeap 'profiled nmethods': size=120000Kb used=760Kb max_used=760Kb free=119239Kb
 bounds [0x0000016b26590000, 0x0000016b26800000, 0x0000016b2dac0000]
CodeHeap 'non-nmethods': size=5760Kb used=1231Kb max_used=1249Kb free=4528Kb
 bounds [0x0000016b25ff0000, 0x0000016b26260000, 0x0000016b26590000]
 total_blobs=1311 nmethods=501 adapters=305
 compilation: enabled
              stopped_count=0, restarted_count=0
 full_count=0

Compilation events (20 events):
Event: 402.363 Thread 0x0000016b4b6fc800  493       1       java.net.URL::getAuthority (5 bytes)
Event: 402.363 Thread 0x0000016b4b6fc800 nmethod 493 0x0000016b2daec290 code [0x0000016b2daec420, 0x0000016b2daec4f8]
Event: 402.363 Thread 0x0000016b4b6fc800  494       1       java.net.URL::getQuery (5 bytes)
Event: 402.363 Thread 0x0000016b4b6fc800 nmethod 494 0x0000016b2daec590 code [0x0000016b2daec720, 0x0000016b2daec7f8]
Event: 402.363 Thread 0x0000016b4b6fc800  495       3       org.eclipse.jdt.launching.internal.org.objectweb.asm.MethodWriter::visitLabel (328 bytes)
Event: 402.363 Thread 0x0000016b4b6f3000  500       4       org.eclipse.jdt.launching.internal.org.objectweb.asm.ByteVector::putByte (39 bytes)
Event: 402.364 Thread 0x0000016b4b6fc800 nmethod 495 0x0000016b2664ae90 code [0x0000016b2664b100, 0x0000016b2664c058]
Event: 402.364 Thread 0x0000016b4b6fc800  496       3       org.eclipse.jdt.launching.internal.org.objectweb.asm.MethodWriter::visitLineNumber (50 bytes)
Event: 402.364 Thread 0x0000016b4b6fc800 nmethod 496 0x0000016b2664c410 code [0x0000016b2664c5e0, 0x0000016b2664ca98]
Event: 402.364 Thread 0x0000016b4b6fc800  501       3       org.eclipse.jdt.launching.internal.org.objectweb.asm.ClassReader::readShort (27 bytes)
Event: 402.364 Thread 0x0000016b4b6fc800 nmethod 501 0x0000016b2664cc90 code [0x0000016b2664ce20, 0x0000016b2664cfb8]
Event: 402.364 Thread 0x0000016b4b6fc800  497       3       org.eclipse.jdt.launching.internal.org.objectweb.asm.ClassReader::readInt (52 bytes)
Event: 402.364 Thread 0x0000016b4b6fc800 nmethod 497 0x0000016b2664d090 code [0x0000016b2664d220, 0x0000016b2664d418]
Event: 402.364 Thread 0x0000016b4b6fc800  499       3       org.eclipse.jdt.launching.internal.org.objectweb.asm.ByteVector::put122 (93 bytes)
Event: 402.364 Thread 0x0000016b4b6fc800 nmethod 499 0x0000016b2664d590 code [0x0000016b2664d740, 0x0000016b2664d9e8]
Event: 402.364 Thread 0x0000016b4b6fc800  498       3       org.eclipse.jdt.launching.internal.org.objectweb.asm.MethodWriter::visitIntInsn (113 bytes)
Event: 402.364 Thread 0x0000016b4b6fc800 nmethod 498 0x0000016b2664db90 code [0x0000016b2664dd60, 0x0000016b2664e1e8]
Event: 402.365 Thread 0x0000016b4b6f3000 nmethod 500 0x0000016b2daec890 code [0x0000016b2daeca60, 0x0000016b2daecc88]
Event: 402.365 Thread 0x0000016b4b6f3000  502       4       org.eclipse.jdt.launching.internal.org.objectweb.asm.ClassReader::readUtf (44 bytes)
Event: 402.368 Thread 0x0000016b4b6f3000 


GC Heap History (0 events):
No events

Deoptimization events (20 events):
Event: 0.213 Thread 0x0000016b1d856000 DEOPT PACKING pc=0x0000016b26601e0d sp=0x00000032cbbfbbc0
Event: 0.213 Thread 0x0000016b1d856000 DEOPT UNPACKING pc=0x0000016b2603964e sp=0x00000032cbbfb088 mode 0
Event: 0.214 Thread 0x0000016b1d856000 DEOPT PACKING pc=0x0000016b26601e0d sp=0x00000032cbbfbbc0
Event: 0.214 Thread 0x0000016b1d856000 DEOPT UNPACKING pc=0x0000016b2603964e sp=0x00000032cbbfb088 mode 0
Event: 0.217 Thread 0x0000016b1d856000 DEOPT PACKING pc=0x0000016b26601e0d sp=0x00000032cbbf8060
Event: 0.217 Thread 0x0000016b1d856000 DEOPT UNPACKING pc=0x0000016b2603964e sp=0x00000032cbbf7528 mode 0
Event: 0.218 Thread 0x0000016b1d856000 DEOPT PACKING pc=0x0000016b26601e0d sp=0x00000032cbbfbb50
Event: 0.218 Thread 0x0000016b1d856000 DEOPT UNPACKING pc=0x0000016b2603964e sp=0x00000032cbbfb018 mode 0
Event: 0.252 Thread 0x0000016b1d856000 Uncommon trap: trap_request=0xffffff45 fr.pc=0x0000016b2dac77bc relative=0x000000000000027c
Event: 0.252 Thread 0x0000016b1d856000 Uncommon trap: reason=unstable_if action=reinterpret pc=0x0000016b2dac77bc method=java.lang.String.isLatin1()Z @ 10 c2
Event: 0.252 Thread 0x0000016b1d856000 DEOPT PACKING pc=0x0000016b2dac77bc sp=0x00000032cbbfc6a0
Event: 0.252 Thread 0x0000016b1d856000 DEOPT UNPACKING pc=0x0000016b2603912f sp=0x00000032cbbfc5d0 mode 2
Event: 0.252 Thread 0x0000016b1d856000 Uncommon trap: trap_request=0xffffff45 fr.pc=0x0000016b2dad2b0c relative=0x000000000000006c
Event: 0.252 Thread 0x0000016b1d856000 Uncommon trap: reason=unstable_if action=reinterpret pc=0x0000016b2dad2b0c method=java.lang.String.isLatin1()Z @ 10 c2
Event: 0.252 Thread 0x0000016b1d856000 DEOPT PACKING pc=0x0000016b2dad2b0c sp=0x00000032cbbfc620
Event: 0.252 Thread 0x0000016b1d856000 DEOPT UNPACKING pc=0x0000016b2603912f sp=0x00000032cbbfc5c0 mode 2
Event: 0.257 Thread 0x0000016b1d856000 Uncommon trap: trap_request=0xffffff45 fr.pc=0x0000016b2dad1e64 relative=0x0000000000000044
Event: 0.257 Thread 0x0000016b1d856000 Uncommon trap: reason=unstable_if action=reinterpret pc=0x0000016b2dad1e64 method=java.lang.CharacterData.of(I)Ljava/lang/CharacterData; @ 4 c2
Event: 0.257 Thread 0x0000016b1d856000 DEOPT PACKING pc=0x0000016b2dad1e64 sp=0x00000032cbbfec70
Event: 0.257 Thread 0x0000016b1d856000 DEOPT UNPACKING pc=0x0000016b2603912f sp=0x00000032cbbfec10 mode 2

Classes unloaded (0 events):
No events

Classes redefined (1 events):
Event: 402.366 Thread 0x0000016b4b6bf800 redefined class name=com.nixartech.cvt425.RPGConverter, count=1

Internal exceptions (1 events):
Event: 402.982 Thread 0x0000016b4b8d2000 Exception <a 'java/lang/LinkageError'{0x000000062188f030}> (0x000000062188f030) 
thrown [./open/src/hotspot/share/oops/generateOopMap.cpp, line 2140]

Events (20 events):
Event: 402.509 Executing VM operation: GetFrameCount
Event: 402.509 Executing VM operation: GetFrameCount done
Event: 402.509 Executing VM operation: GetStackTrace
Event: 402.509 Executing VM operation: GetStackTrace done
Event: 402.509 Executing VM operation: GetFrameCount
Event: 402.509 Executing VM operation: GetFrameCount done
Event: 402.509 Executing VM operation: GetOwnedMonitorInfo
Event: 402.509 Executing VM operation: GetOwnedMonitorInfo done
Event: 402.509 Executing VM operation: GetCurrentContendedMonitor
Event: 402.510 Executing VM operation: GetCurrentContendedMonitor done
Event: 402.510 Executing VM operation: GetOwnedMonitorInfo
Event: 402.510 Executing VM operation: GetOwnedMonitorInfo done
Event: 402.510 Executing VM operation: GetCurrentContendedMonitor
Event: 402.510 Executing VM operation: GetCurrentContendedMonitor done
Event: 402.510 Executing VM operation: GetCurrentContendedMonitor
Event: 402.510 Executing VM operation: GetCurrentContendedMonitor done
Event: 402.510 Executing VM operation: GetOwnedMonitorInfo
Event: 402.510 Executing VM operation: GetOwnedMonitorInfo done
Event: 402.982 Executing VM operation: GetFrameLocation
Event: 402.982 Executing VM operation: GetFrameLocation done


Dynamic libraries:
0x00007ff7107c0000 - 0x00007ff7107cf000 	C:\Program Files\Java\jdk-14.0.1\bin\javaw.exe
0x00007ffc68a60000 - 0x00007ffc68c50000 	C:\WINDOWS\SYSTEM32\ntdll.dll
0x00007ffc5ca50000 - 0x00007ffc5ca62000 	C:\Program Files\AVAST Software\Avast\aswhook.dll
0x00007ffc66b40000 - 0x00007ffc66bf2000 	C:\WINDOWS\System32\KERNEL32.DLL
0x00007ffc65e20000 - 0x00007ffc660c5000 	C:\WINDOWS\System32\KERNELBASE.dll
0x00007ffc65a70000 - 0x00007ffc65b6a000 	C:\WINDOWS\System32\ucrtbase.dll
0x00007ffc50150000 - 0x00007ffc50168000 	C:\Program Files\Java\jdk-14.0.1\bin\jli.dll
0x00007ffc67060000 - 0x00007ffc67103000 	C:\WINDOWS\System32\ADVAPI32.dll
0x00007ffc68710000 - 0x00007ffc687ae000 	C:\WINDOWS\System32\msvcrt.dll
0x00007ffc67a50000 - 0x00007ffc67ae7000 	C:\WINDOWS\System32\sechost.dll
0x00007ffc66c00000 - 0x00007ffc66d20000 	C:\WINDOWS\System32\RPCRT4.dll
0x00007ffc678b0000 - 0x00007ffc67a44000 	C:\WINDOWS\System32\USER32.dll
0x00007ffc65c40000 - 0x00007ffc65c61000 	C:\WINDOWS\System32\win32u.dll
0x00007ffc680c0000 - 0x00007ffc680e6000 	C:\WINDOWS\System32\GDI32.dll
0x00007ffc661c0000 - 0x00007ffc66356000 	C:\WINDOWS\System32\gdi32full.dll
0x00007ffc66120000 - 0x00007ffc661be000 	C:\WINDOWS\System32\msvcp_win.dll
0x00007ffc5bfb0000 - 0x00007ffc5bfc5000 	C:\Program Files\Java\jdk-14.0.1\bin\VCRUNTIME140.dll
0x00007ffc4f750000 - 0x00007ffc4f9d4000 	C:\WINDOWS\WinSxS\amd64_microsoft.windows.common-controls_6595b64144ccf1df_6.0.18362.1139_none_9e7bf2d3e4605ac6\COMCTL32.dll
0x00007ffc66d20000 - 0x00007ffc67055000 	C:\WINDOWS\System32\combase.dll
0x00007ffc659f0000 - 0x00007ffc65a70000 	C:\WINDOWS\System32\bcryptPrimitives.dll
0x00007ffc5fb30000 - 0x00007ffc5fb3a000 	C:\WINDOWS\SYSTEM32\VERSION.dll
0x00007ffc66b10000 - 0x00007ffc66b3e000 	C:\WINDOWS\System32\IMM32.DLL
0x00007ffc490e0000 - 0x00007ffc4917b000 	C:\Program Files\Java\jdk-14.0.1\bin\msvcp140.dll
0x00007ffbef610000 - 0x00007ffbf012e000 	C:\Program Files\Java\jdk-14.0.1\bin\server\jvm.dll
0x00007ffc683a0000 - 0x00007ffc683a8000 	C:\WINDOWS\System32\PSAPI.DLL
0x00007ffc4cf80000 - 0x00007ffc4cf89000 	C:\WINDOWS\SYSTEM32\WSOCK32.dll
0x00007ffc68050000 - 0x00007ffc680bf000 	C:\WINDOWS\System32\WS2_32.dll
0x00007ffc5f0e0000 - 0x00007ffc5f104000 	C:\WINDOWS\SYSTEM32\WINMM.dll
0x00007ffc5e870000 - 0x00007ffc5e89d000 	C:\WINDOWS\SYSTEM32\WINMMBASE.dll
0x00007ffc660d0000 - 0x00007ffc6611a000 	C:\WINDOWS\System32\cfgmgr32.dll
0x00007ffc65950000 - 0x00007ffc65961000 	C:\WINDOWS\System32\kernel.appcore.dll
0x00007ffc5bfe0000 - 0x00007ffc5bfea000 	C:\Program Files\Java\jdk-14.0.1\bin\jimage.dll
0x00007ffc64050000 - 0x00007ffc64244000 	C:\WINDOWS\SYSTEM32\DBGHELP.DLL
0x00007ffc58ba0000 - 0x00007ffc58bca000 	C:\WINDOWS\SYSTEM32\dbgcore.DLL
0x00007ffc4e5a0000 - 0x00007ffc4e5d8000 	C:\Program Files\Java\jdk-14.0.1\bin\jdwp.dll
0x00007ffc508e0000 - 0x00007ffc50905000 	C:\Program Files\Java\jdk-14.0.1\bin\java.dll
0x00007ffc5bfd0000 - 0x00007ffc5bfde000 	C:\Program Files\Java\jdk-14.0.1\bin\instrument.dll
0x00007ffc4eb90000 - 0x00007ffc4eba6000 	C:\Program Files\Java\jdk-14.0.1\bin\zip.dll
0x00007ffc67110000 - 0x00007ffc677f7000 	C:\WINDOWS\System32\SHELL32.dll
0x00007ffc67800000 - 0x00007ffc678a9000 	C:\WINDOWS\System32\shcore.dll
0x00007ffc66360000 - 0x00007ffc66ae0000 	C:\WINDOWS\System32\windows.storage.dll
0x00007ffc659c0000 - 0x00007ffc659e3000 	C:\WINDOWS\System32\profapi.dll
0x00007ffc65970000 - 0x00007ffc659ba000 	C:\WINDOWS\System32\powrprof.dll
0x00007ffc65920000 - 0x00007ffc65930000 	C:\WINDOWS\System32\UMPDC.dll
0x00007ffc67fe0000 - 0x00007ffc68032000 	C:\WINDOWS\System32\shlwapi.dll
0x00007ffc65c20000 - 0x00007ffc65c37000 	C:\WINDOWS\System32\cryptsp.dll
0x00007ffc5e950000 - 0x00007ffc5e95b000 	C:\Program Files\Java\jdk-14.0.1\bin\dt_socket.dll
0x00007ffc64e80000 - 0x00007ffc64eba000 	C:\WINDOWS\SYSTEM32\IPHLPAPI.DLL
0x00007ffc65170000 - 0x00007ffc651d7000 	C:\WINDOWS\system32\mswsock.dll
0x00007ffc64ec0000 - 0x00007ffc64f8b000 	C:\WINDOWS\SYSTEM32\DNSAPI.dll
0x00007ffc68390000 - 0x00007ffc68398000 	C:\WINDOWS\System32\NSI.dll
0x00007ffc4dd30000 - 0x00007ffc4dd3a000 	C:\Windows\System32\rasadhlp.dll
0x00007ffc589b0000 - 0x00007ffc58a27000 	C:\WINDOWS\System32\fwpuclnt.dll
0x00007ffc66ae0000 - 0x00007ffc66b06000 	C:\WINDOWS\System32\bcrypt.dll
0x00007ffc4eb70000 - 0x00007ffc4eb89000 	C:\Program Files\Java\jdk-14.0.1\bin\net.dll
0x00007ffc543f0000 - 0x00007ffc544e0000 	C:\WINDOWS\SYSTEM32\WINHTTP.dll
0x00007ffc4eb50000 - 0x00007ffc4eb62000 	C:\Program Files\Java\jdk-14.0.1\bin\nio.dll
0x00007ffc50eb0000 - 0x00007ffc50ec0000 	C:\Program Files\Java\jdk-14.0.1\bin\verify.dll

dbghelp: loaded successfully - version: 4.0.5 - missing functions: none
symbol engine: initialized successfully - sym options: 0x614 - pdb path: .;C:\Program Files\Java\jdk-14.0.1\bin;C:\WINDOWS\SYSTEM32;C:\Program Files\AVAST Software\Avast;C:\WINDOWS\WinSxS\amd64_microsoft.windows.common-controls_6595b64144ccf1df_6.0.18362.1139_none_9e7bf2d3e4605ac6;C:\Program Files\Java\jdk-14.0.1\bin\server

VM Arguments:
jvm_args: -agentlib:jdwp=transport=dt_socket,suspend=y,address=localhost:55267 -javaagent:C:\Users\sysdev\Programs\eclipse\jee-2020-03\eclipse\configuration\org.eclipse.osgi\1975\0\.cp\lib\javaagent-shaded.jar -Dfile.encoding=Cp1252 
java_command: com.nixartech.cvt425.App
java_class_path (initial): C:\Users\sysdev\Workspace\Java\Nixartech\cvt425\target\classes
Launcher Type: SUN_STANDARD

[Global flags]
     intx CICompilerCount                          = 4                                         {product} {ergonomic}
     uint ConcGCThreads                            = 2                                         {product} {ergonomic}
     uint G1ConcRefinementThreads                  = 8                                         {product} {ergonomic}
   size_t G1HeapRegionSize                         = 2097152                                   {product} {ergonomic}
    uintx GCDrainStackTargetSize                   = 64                                        {product} {ergonomic}
   size_t InitialHeapSize                          = 534773760                                 {product} {ergonomic}
   size_t MarkStackSize                            = 4194304                                   {product} {ergonomic}
   size_t MaxHeapSize                              = 8554283008                                {product} {ergonomic}
   size_t MaxNewSize                               = 5131730944                                {product} {ergonomic}
   size_t MinHeapDeltaBytes                        = 2097152                                   {product} {ergonomic}
   size_t MinHeapSize                              = 8388608                                   {product} {ergonomic}
    uintx NonNMethodCodeHeapSize                   = 5839372                                {pd product} {ergonomic}
    uintx NonProfiledCodeHeapSize                  = 122909434                              {pd product} {ergonomic}
    uintx ProfiledCodeHeapSize                     = 122909434                              {pd product} {ergonomic}
    uintx ReservedCodeCacheSize                    = 251658240                              {pd product} {ergonomic}
     bool SegmentedCodeCache                       = true                                      {product} {ergonomic}
   size_t SoftMaxHeapSize                          = 8554283008                             {manageable} {ergonomic}
     bool UseCompressedClassPointers               = true                                 {lp64_product} {ergonomic}
     bool UseCompressedOops                        = true                                 {lp64_product} {ergonomic}
     bool UseG1GC                                  = true                                      {product} {ergonomic}
     bool UseLargePagesIndividualAllocation        = false                                  {pd product} {ergonomic}

Logging:
Log output configuration:
 #0: stdout all=warning uptime,level,tags
 #1: stderr all=off uptime,level,tags

Environment Variables:
PATH=C:/Program Files/Java/jdk-14.0.1/bin/server;C:/Program Files/Java/jdk-14.0.1/bin;C:\WINDOWS\system32;C:\WINDOWS;C:\WINDOWS\System32\Wbem;C:\WINDOWS\System32\WindowsPowerShell\v1.0\;C:\WINDOWS\System32\OpenSSH\;C:\Program Files\PuTTY\;C:\Program Files\dotnet\;C:\Program Files\Microsoft SQL Server\130\Tools\Binn\;C:\Program Files\Microsoft SQL Server\Client SDK\ODBC\170\Tools\Binn\;C:\Program Files\nodejs\;C:\Program Files\Git\cmd;C:\Users\sysdev\AppData\Local\Microsoft\WindowsApps;C:\Users\sysdev\AppData\Roaming\npm;C:\Users\sysdev\AppData\Local\Polycom\RealPresence Desktop\;C:\Program Files\gradle-6.3\bin;C:\Program Files\Java\jdk-14.0.1\bin;;C:\WINDOWS\system32;
USERNAME=sysdev
OS=Windows_NT
PROCESSOR_IDENTIFIER=Intel64 Family 6 Model 142 Stepping 10, GenuineIntel



---------------  S Y S T E M  ---------------

OS: Windows 10 , 64 bit Build 18362 (10.0.18362.1110)
OS uptime: 5 days 0:59 hours

CPU:total 8 (initial active 8) (4 cores per cpu, 2 threads per core) family 6 model 142 stepping 10, cmov, cx8, fxsr, mmx, sse, sse2, sse3, ssse3, sse4.1, sse4.2, popcnt, avx, avx2, aes, clmul, erms, rtm, 3dnowpref, lzcnt, ht, tsc, tscinvbit, bmi1, bmi2, adx, fma

Memory: 4k page, system-wide physical 32627M (21102M free)
TotalPageFile size 37491M (AvailPageFile size 24591M)
current process WorkingSet (physical memory assigned to process): 47M, peak: 48M
current process commit charge ("private bytes"): 615M, peak: 617M

vm_info: Java HotSpot(TM) 64-Bit Server VM (14.0.1+7) for windows-amd64 JRE (14.0.1+7), built on Mar  5 2020 10:30:14 by "mach5one" with MS VC++ 15.9 (VS2017)

END.
